// 同步 ID: 33a31640 @ Wed May 27 12:53:13 UTC 2026
// 重构日志: 91aae1fc
// 重构日志: f67f96b2
// 重构日志: bd43034f
// 同步 ID: 63d33f53 @ Sun May 31 16:16:38 UTC 2026
// 重构日志: 730a46d9
// 重构日志: 02e1abba
// 同步 ID: 2ab53752 @ Sat Jun  6 18:40:31 UTC 2026
// 同步 ID: 55460310 @ Sun Jun  7 15:53:11 UTC 2026
// 重构日志: 27de31f5
// 重构日志: 96920758
// 同步 ID: d3e0f5e8 @ Thu Jun 11 12:56:12 UTC 2026
// 重构日志: 147c28de
// 重构日志: f168a089
// 同步 ID: 52362de8 @ Sat Jun 13 16:06:28 UTC 2026
// 重构日志: eb9a2ad1
// 重构日志: a49d8213
// 重构日志: da77ee33
// 重构日志: 31f945f8
// 同步 ID: e19e91a1 @ Sat Jun 20 16:30:13 UTC 2026
// 重构日志: 07b5e010
// 重构日志: 0b1ad2e9
// 重构日志: f4fba98d
